<?xml version="1.0" encoding="UTF-8" ?>
<testsuite errors="0" failures="0" hostname="DESKTOP-IA94U8T" name="runners.JUnitTestRunner" skipped="0" tests="10" time="61.206" timestamp="2022-03-14T09:19:54">
  <properties>
[...]
</properties>
  <testcase classname="tests.LoginTest" name="loginToApp" time="21.522" />
  <testcase classname="tests.InventoryCountTests" name="TC01_verifyManagerCanNavigateToInventoryCount" time="4.021" />
  <testcase classname="tests.InventoryCountTests" name="TC02_verifySearchInputPlacholder" time="1.162" />
  <testcase classname="tests.InventoryCountTests" name="TC03_verifyErrorMessageAppearsWhenSearchForInvalidInput" time="5.71" />
  <testcase classname="tests.InventoryCountTests" name="TC04_verifyResultsFoundWhenSearchForValidInput" time="5.874" />
  <testcase classname="tests.InventoryCountTests" name="TC05_verifyManagerCanNavigateToStorageItems" time="2.918" />
  <testcase classname="tests.InventoryCountTests" name="TC06_verifyManagerCanOpenItemDetailsDialog" time="2.175" />
  <testcase classname="tests.InventoryCountTests" name="TC07_verifyManagerCanChangeItemQuantity" time="2.024" />
  <testcase classname="tests.InventoryCountTests" name="TC08_verifyItemQuantityChanged" time="1.394" />
  <testcase classname="tests.InventoryCountTests" name="TC09_verifyTotalCosts" time="0.285" />
  <system-out><![CDATA[Login Successfully
Assertion Successfully
inventoryList size: 1
item: Testing Template 157
inventoryList size: 1
StorageLocation [StorageName=New storage location 0, itemsCount=4]
ItemName size: 4
StorageItem [name=masa item test, unit=OZ-wt, quantity=0, price=0.65]
getQuantity: 30
quantity  30
price  0.65
cost  19.5
totalCosts:  19.5 **** expectedCost: 19.5
]]></system-out>
  <system-err><![CDATA[Mar 14, 2022 11:20:03 AM io.appium.java_client.remote.AppiumCommandExecutor$1 lambda$0
INFO: Detected dialect: W3C
]]></system-err>
</testsuite>
